<?xml version="1.0" encoding="UTF-8"?>
<!-- Generated by org.testng.reporters.JUnitXMLReporter -->
<testsuite ignored="6" hostname="user" failures="1" tests="2" name="Test(failed)" time="0.061" errors="0" timestamp="2022-06-27T13:28:13 IST">
  <testcase classname="testNgKeyWords.MYgroupingClass1" name="a" time="0.011">
    <failure type="java.lang.AssertionError" message="null">
      <![CDATA[java.lang.AssertionError: null
at testNgKeyWords.MYgroupingClass1.a(MYgroupingClass1.java:11)
at java.base/java.util.ArrayList.forEach(ArrayList.java:1511)
... Removed 27 stack frames]]>
    </failure>
  </testcase> <!-- a -->
  <testcase classname="testNgKeyWords.MYgroupingClass2" name="p" time="0.003"/>
  <testcase classname="testNgKeyWords.MYgroupingClass1" name="d" time="0.0">
    <ignored/>
  </testcase> <!-- d -->
  <testcase classname="testNgKeyWords.MYgroupingClass1" name="c" time="0.0">
    <ignored/>
  </testcase> <!-- c -->
  <testcase classname="testNgKeyWords.MYgroupingClass2" name="s" time="0.0">
    <ignored/>
  </testcase> <!-- s -->
  <testcase classname="testNgKeyWords.MYgroupingClass1" name="b" time="0.0">
    <ignored/>
  </testcase> <!-- b -->
  <testcase classname="testNgKeyWords.MYgroupingClass2" name="q" time="0.0">
    <ignored/>
  </testcase> <!-- q -->
  <testcase classname="testNgKeyWords.MYgroupingClass2" name="r" time="0.0">
    <ignored/>
  </testcase> <!-- r -->
</testsuite> <!-- Test(failed) -->
