<?xml version="1.0" encoding="UTF-8"?>
<!-- Generated by org.testng.reporters.JUnitXMLReporter -->
<testsuite ignored="3" hostname="user" failures="0" tests="1" name="Test(failed)(failed)(failed)" time="0.05" errors="0" timestamp="2022-06-27T19:08:17 IST">
  <testcase classname="testNgKeyWords.MYgroupingClass1" name="a" time="0.013"/>
  <testcase classname="testNgKeyWords.MYgroupingClass1" name="d" time="0.0">
    <ignored/>
  </testcase> <!-- d -->
  <testcase classname="testNgKeyWords.MYgroupingClass1" name="c" time="0.0">
    <ignored/>
  </testcase> <!-- c -->
  <testcase classname="testNgKeyWords.MYgroupingClass1" name="b" time="0.0">
    <ignored/>
  </testcase> <!-- b -->
</testsuite> <!-- Test(failed)(failed)(failed) -->
